[debug] [2023-08-26T04:52:01.532Z] ----------------------------------------------------------------------
[debug] [2023-08-26T04:52:01.533Z] Command:       /usr/local/bin/node /usr/local/bin/firebase init
[debug] [2023-08-26T04:52:01.533Z] CLI Version:   12.5.2
[debug] [2023-08-26T04:52:01.534Z] Platform:      darwin
[debug] [2023-08-26T04:52:01.534Z] Node Version:  v18.17.1
[debug] [2023-08-26T04:52:01.535Z] Time:          Sat Aug 26 2023 10:22:01 GMT+0530 (India Standard Time)
[debug] [2023-08-26T04:52:01.535Z] ----------------------------------------------------------------------
[debug] 
[debug] [2023-08-26T04:52:01.587Z] > command requires scopes: ["email","openid","https://www.googleapis.com/auth/cloudplatformprojects.readonly","https://www.googleapis.com/auth/firebase","https://www.googleapis.com/auth/cloud-platform"]
[debug] [2023-08-26T04:52:01.588Z] > authorizing via signed-in user (suneel.kuka@gmail.com)
[info] 
     ######## #### ########  ######## ########     ###     ######  ########
     ##        ##  ##     ## ##       ##     ##  ##   ##  ##       ##
     ######    ##  ########  ######   ########  #########  ######  ######
     ##        ##  ##    ##  ##       ##     ## ##     ##       ## ##
     ##       #### ##     ## ######## ########  ##     ##  ######  ########

You're about to initialize a Firebase project in this directory:

  /Users/Lucida/Desktop/React Basics/TheatreSeatAllocation/theatreseatallocation

Before we get started, keep in mind:

  * You are initializing within an existing Firebase project directory

[debug] [2023-08-26T04:53:32.389Z] Error: read EIO
    at TTY.onStreamRead (node:internal/stream_base_commons:217:20)
